<?xml version="1.0" encoding="UTF-8"?>
<testng-results ignored="0" total="17" passed="17" failed="0" skipped="0">
  <reporter-output>
  </reporter-output>
  <suite started-at="2025-12-18T10:45:07 IST" name="Login Automation Suite" finished-at="2025-12-18T10:46:47 IST" duration-ms="99955">
    <groups>
    </groups>
    <test started-at="2025-12-18T10:45:07 IST" name="Login Tests" finished-at="2025-12-18T10:46:47 IST" duration-ms="99955">
      <class name="com.demo.tests.LoginTest">
        <test-method is-config="true" signature="setup()[pri:0, instance:com.demo.tests.LoginTest@3b35a229]" started-at="2025-12-18T10:45:07 IST" name="setup" finished-at="2025-12-18T10:45:14 IST" duration-ms="6646" status="PASS">
          <reporter-output>
          </reporter-output>
        </test-method> <!-- setup -->
        <test-method signature="testSuccessfulLoginWithValidCredentials()[pri:1, instance:com.demo.tests.LoginTest@3b35a229]" started-at="2025-12-18T10:45:14 IST" name="testSuccessfulLoginWithValidCredentials" description="Verify successful login with valid credentials" finished-at="2025-12-18T10:45:15 IST" duration-ms="1214" status="PASS">
          <reporter-output>
          </reporter-output>
        </test-method> <!-- testSuccessfulLoginWithValidCredentials -->
        <test-method is-config="true" signature="quit()[pri:0, instance:com.demo.tests.LoginTest@3b35a229]" started-at="2025-12-18T10:45:15 IST" name="quit" finished-at="2025-12-18T10:45:16 IST" duration-ms="207" status="PASS">
          <reporter-output>
          </reporter-output>
        </test-method> <!-- quit -->
        <test-method is-config="true" signature="setup()[pri:0, instance:com.demo.tests.LoginTest@3b35a229]" started-at="2025-12-18T10:45:16 IST" name="setup" finished-at="2025-12-18T10:45:20 IST" duration-ms="4372" status="PASS">
          <reporter-output>
          </reporter-output>
        </test-method> <!-- setup -->
        <test-method signature="testSuccessfulLoginWithHardcodedCredentials()[pri:2, instance:com.demo.tests.LoginTest@3b35a229]" started-at="2025-12-18T10:45:20 IST" name="testSuccessfulLoginWithHardcodedCredentials" description="Verify successful login with hardcoded valid credentials" finished-at="2025-12-18T10:45:21 IST" duration-ms="1004" status="PASS">
          <reporter-output>
          </reporter-output>
        </test-method> <!-- testSuccessfulLoginWithHardcodedCredentials -->
        <test-method is-config="true" signature="quit()[pri:0, instance:com.demo.tests.LoginTest@3b35a229]" started-at="2025-12-18T10:45:21 IST" name="quit" finished-at="2025-12-18T10:45:21 IST" duration-ms="209" status="PASS">
          <reporter-output>
          </reporter-output>
        </test-method> <!-- quit -->
        <test-method is-config="true" signature="setup()[pri:0, instance:com.demo.tests.LoginTest@3b35a229]" started-at="2025-12-18T10:45:21 IST" name="setup" finished-at="2025-12-18T10:45:26 IST" duration-ms="4475" status="PASS">
          <reporter-output>
          </reporter-output>
        </test-method> <!-- setup -->
        <test-method signature="testLoginFailureWithInvalidUsername()[pri:3, instance:com.demo.tests.LoginTest@3b35a229]" started-at="2025-12-18T10:45:26 IST" name="testLoginFailureWithInvalidUsername" description="Verify login fails with invalid username" finished-at="2025-12-18T10:45:27 IST" duration-ms="999" status="PASS">
          <reporter-output>
          </reporter-output>
        </test-method> <!-- testLoginFailureWithInvalidUsername -->
        <test-method is-config="true" signature="quit()[pri:0, instance:com.demo.tests.LoginTest@3b35a229]" started-at="2025-12-18T10:45:27 IST" name="quit" finished-at="2025-12-18T10:45:27 IST" duration-ms="191" status="PASS">
          <reporter-output>
          </reporter-output>
        </test-method> <!-- quit -->
        <test-method is-config="true" signature="setup()[pri:0, instance:com.demo.tests.LoginTest@3b35a229]" started-at="2025-12-18T10:45:27 IST" name="setup" finished-at="2025-12-18T10:45:31 IST" duration-ms="4381" status="PASS">
          <reporter-output>
          </reporter-output>
        </test-method> <!-- setup -->
        <test-method signature="testLoginFailureWithInvalidPassword()[pri:4, instance:com.demo.tests.LoginTest@3b35a229]" started-at="2025-12-18T10:45:31 IST" name="testLoginFailureWithInvalidPassword" description="Verify login fails with invalid password" finished-at="2025-12-18T10:45:32 IST" duration-ms="975" status="PASS">
          <reporter-output>
          </reporter-output>
        </test-method> <!-- testLoginFailureWithInvalidPassword -->
        <test-method is-config="true" signature="quit()[pri:0, instance:com.demo.tests.LoginTest@3b35a229]" started-at="2025-12-18T10:45:32 IST" name="quit" finished-at="2025-12-18T10:45:32 IST" duration-ms="152" status="PASS">
          <reporter-output>
          </reporter-output>
        </test-method> <!-- quit -->
        <test-method is-config="true" signature="setup()[pri:0, instance:com.demo.tests.LoginTest@3b35a229]" started-at="2025-12-18T10:45:32 IST" name="setup" finished-at="2025-12-18T10:45:36 IST" duration-ms="4193" status="PASS">
          <reporter-output>
          </reporter-output>
        </test-method> <!-- setup -->
        <test-method signature="testLoginFailureWithBothInvalidCredentials()[pri:5, instance:com.demo.tests.LoginTest@3b35a229]" started-at="2025-12-18T10:45:36 IST" name="testLoginFailureWithBothInvalidCredentials" description="Verify login fails with both invalid username and password" finished-at="2025-12-18T10:45:37 IST" duration-ms="992" status="PASS">
          <reporter-output>
          </reporter-output>
        </test-method> <!-- testLoginFailureWithBothInvalidCredentials -->
        <test-method is-config="true" signature="quit()[pri:0, instance:com.demo.tests.LoginTest@3b35a229]" started-at="2025-12-18T10:45:37 IST" name="quit" finished-at="2025-12-18T10:45:38 IST" duration-ms="189" status="PASS">
          <reporter-output>
          </reporter-output>
        </test-method> <!-- quit -->
        <test-method is-config="true" signature="setup()[pri:0, instance:com.demo.tests.LoginTest@3b35a229]" started-at="2025-12-18T10:45:38 IST" name="setup" finished-at="2025-12-18T10:45:42 IST" duration-ms="4347" status="PASS">
          <reporter-output>
          </reporter-output>
        </test-method> <!-- setup -->
        <test-method signature="testLoginFailureWithEmptyUsername()[pri:6, instance:com.demo.tests.LoginTest@3b35a229]" started-at="2025-12-18T10:45:42 IST" name="testLoginFailureWithEmptyUsername" description="Verify login fails with empty username" finished-at="2025-12-18T10:45:43 IST" duration-ms="1001" status="PASS">
          <reporter-output>
          </reporter-output>
        </test-method> <!-- testLoginFailureWithEmptyUsername -->
        <test-method is-config="true" signature="quit()[pri:0, instance:com.demo.tests.LoginTest@3b35a229]" started-at="2025-12-18T10:45:43 IST" name="quit" finished-at="2025-12-18T10:45:43 IST" duration-ms="212" status="PASS">
          <reporter-output>
          </reporter-output>
        </test-method> <!-- quit -->
        <test-method is-config="true" signature="setup()[pri:0, instance:com.demo.tests.LoginTest@3b35a229]" started-at="2025-12-18T10:45:43 IST" name="setup" finished-at="2025-12-18T10:45:48 IST" duration-ms="4352" status="PASS">
          <reporter-output>
          </reporter-output>
        </test-method> <!-- setup -->
        <test-method signature="testLoginFailureWithEmptyPassword()[pri:7, instance:com.demo.tests.LoginTest@3b35a229]" started-at="2025-12-18T10:45:48 IST" name="testLoginFailureWithEmptyPassword" description="Verify login fails with empty password" finished-at="2025-12-18T10:45:49 IST" duration-ms="1007" status="PASS">
          <reporter-output>
          </reporter-output>
        </test-method> <!-- testLoginFailureWithEmptyPassword -->
        <test-method is-config="true" signature="quit()[pri:0, instance:com.demo.tests.LoginTest@3b35a229]" started-at="2025-12-18T10:45:49 IST" name="quit" finished-at="2025-12-18T10:45:49 IST" duration-ms="210" status="PASS">
          <reporter-output>
          </reporter-output>
        </test-method> <!-- quit -->
        <test-method is-config="true" signature="setup()[pri:0, instance:com.demo.tests.LoginTest@3b35a229]" started-at="2025-12-18T10:45:49 IST" name="setup" finished-at="2025-12-18T10:45:53 IST" duration-ms="4292" status="PASS">
          <reporter-output>
          </reporter-output>
        </test-method> <!-- setup -->
        <test-method signature="testLoginFailureWithBothFieldsEmpty()[pri:8, instance:com.demo.tests.LoginTest@3b35a229]" started-at="2025-12-18T10:45:53 IST" name="testLoginFailureWithBothFieldsEmpty" description="Verify login fails with both fields empty" finished-at="2025-12-18T10:45:54 IST" duration-ms="877" status="PASS">
          <reporter-output>
          </reporter-output>
        </test-method> <!-- testLoginFailureWithBothFieldsEmpty -->
        <test-method is-config="true" signature="quit()[pri:0, instance:com.demo.tests.LoginTest@3b35a229]" started-at="2025-12-18T10:45:54 IST" name="quit" finished-at="2025-12-18T10:45:54 IST" duration-ms="217" status="PASS">
          <reporter-output>
          </reporter-output>
        </test-method> <!-- quit -->
        <test-method is-config="true" signature="setup()[pri:0, instance:com.demo.tests.LoginTest@3b35a229]" started-at="2025-12-18T10:45:54 IST" name="setup" finished-at="2025-12-18T10:45:58 IST" duration-ms="4261" status="PASS">
          <reporter-output>
          </reporter-output>
        </test-method> <!-- setup -->
        <test-method signature="testLoginFailureWithUsernameContainingOnlySpaces()[pri:9, instance:com.demo.tests.LoginTest@3b35a229]" started-at="2025-12-18T10:45:58 IST" name="testLoginFailureWithUsernameContainingOnlySpaces" description="Verify login fails with username containing only spaces" finished-at="2025-12-18T10:45:59 IST" duration-ms="981" status="PASS">
          <reporter-output>
          </reporter-output>
        </test-method> <!-- testLoginFailureWithUsernameContainingOnlySpaces -->
        <test-method is-config="true" signature="quit()[pri:0, instance:com.demo.tests.LoginTest@3b35a229]" started-at="2025-12-18T10:45:59 IST" name="quit" finished-at="2025-12-18T10:46:00 IST" duration-ms="213" status="PASS">
          <reporter-output>
          </reporter-output>
        </test-method> <!-- quit -->
        <test-method is-config="true" signature="setup()[pri:0, instance:com.demo.tests.LoginTest@3b35a229]" started-at="2025-12-18T10:46:00 IST" name="setup" finished-at="2025-12-18T10:46:04 IST" duration-ms="4752" status="PASS">
          <reporter-output>
          </reporter-output>
        </test-method> <!-- setup -->
        <test-method signature="testLoginFailureWithPasswordContainingOnlySpaces()[pri:10, instance:com.demo.tests.LoginTest@3b35a229]" started-at="2025-12-18T10:46:04 IST" name="testLoginFailureWithPasswordContainingOnlySpaces" description="Verify login fails with password containing only spaces" finished-at="2025-12-18T10:46:05 IST" duration-ms="963" status="PASS">
          <reporter-output>
          </reporter-output>
        </test-method> <!-- testLoginFailureWithPasswordContainingOnlySpaces -->
        <test-method is-config="true" signature="quit()[pri:0, instance:com.demo.tests.LoginTest@3b35a229]" started-at="2025-12-18T10:46:05 IST" name="quit" finished-at="2025-12-18T10:46:06 IST" duration-ms="189" status="PASS">
          <reporter-output>
          </reporter-output>
        </test-method> <!-- quit -->
        <test-method is-config="true" signature="setup()[pri:0, instance:com.demo.tests.LoginTest@3b35a229]" started-at="2025-12-18T10:46:06 IST" name="setup" finished-at="2025-12-18T10:46:12 IST" duration-ms="6050" status="PASS">
          <reporter-output>
          </reporter-output>
        </test-method> <!-- setup -->
        <test-method signature="testLoginFailureWithSQLInjectionInUsername()[pri:11, instance:com.demo.tests.LoginTest@3b35a229]" started-at="2025-12-18T10:46:12 IST" name="testLoginFailureWithSQLInjectionInUsername" description="Verify login fails with SQL injection attempt in username" finished-at="2025-12-18T10:46:13 IST" duration-ms="1474" status="PASS">
          <reporter-output>
          </reporter-output>
        </test-method> <!-- testLoginFailureWithSQLInjectionInUsername -->
        <test-method is-config="true" signature="quit()[pri:0, instance:com.demo.tests.LoginTest@3b35a229]" started-at="2025-12-18T10:46:13 IST" name="quit" finished-at="2025-12-18T10:46:13 IST" duration-ms="178" status="PASS">
          <reporter-output>
          </reporter-output>
        </test-method> <!-- quit -->
        <test-method is-config="true" signature="setup()[pri:0, instance:com.demo.tests.LoginTest@3b35a229]" started-at="2025-12-18T10:46:13 IST" name="setup" finished-at="2025-12-18T10:46:18 IST" duration-ms="4499" status="PASS">
          <reporter-output>
          </reporter-output>
        </test-method> <!-- setup -->
        <test-method signature="testLoginFailureWithXSSAttemptInUsername()[pri:12, instance:com.demo.tests.LoginTest@3b35a229]" started-at="2025-12-18T10:46:18 IST" name="testLoginFailureWithXSSAttemptInUsername" description="Verify login fails with XSS attempt in username" finished-at="2025-12-18T10:46:19 IST" duration-ms="1000" status="PASS">
          <reporter-output>
          </reporter-output>
        </test-method> <!-- testLoginFailureWithXSSAttemptInUsername -->
        <test-method is-config="true" signature="quit()[pri:0, instance:com.demo.tests.LoginTest@3b35a229]" started-at="2025-12-18T10:46:19 IST" name="quit" finished-at="2025-12-18T10:46:19 IST" duration-ms="204" status="PASS">
          <reporter-output>
          </reporter-output>
        </test-method> <!-- quit -->
        <test-method is-config="true" signature="setup()[pri:0, instance:com.demo.tests.LoginTest@3b35a229]" started-at="2025-12-18T10:46:19 IST" name="setup" finished-at="2025-12-18T10:46:23 IST" duration-ms="4263" status="PASS">
          <reporter-output>
          </reporter-output>
        </test-method> <!-- setup -->
        <test-method signature="testLoginFailureWithSpecialCharactersInUsername()[pri:13, instance:com.demo.tests.LoginTest@3b35a229]" started-at="2025-12-18T10:46:23 IST" name="testLoginFailureWithSpecialCharactersInUsername" description="Verify login fails with special characters in username" finished-at="2025-12-18T10:46:24 IST" duration-ms="1030" status="PASS">
          <reporter-output>
          </reporter-output>
        </test-method> <!-- testLoginFailureWithSpecialCharactersInUsername -->
        <test-method is-config="true" signature="quit()[pri:0, instance:com.demo.tests.LoginTest@3b35a229]" started-at="2025-12-18T10:46:24 IST" name="quit" finished-at="2025-12-18T10:46:25 IST" duration-ms="256" status="PASS">
          <reporter-output>
          </reporter-output>
        </test-method> <!-- quit -->
        <test-method is-config="true" signature="setup()[pri:0, instance:com.demo.tests.LoginTest@3b35a229]" started-at="2025-12-18T10:46:25 IST" name="setup" finished-at="2025-12-18T10:46:29 IST" duration-ms="4422" status="PASS">
          <reporter-output>
          </reporter-output>
        </test-method> <!-- setup -->
        <test-method signature="testLoginFailureWithVeryLongUsername()[pri:14, instance:com.demo.tests.LoginTest@3b35a229]" started-at="2025-12-18T10:46:29 IST" name="testLoginFailureWithVeryLongUsername" description="Verify login fails with very long username" finished-at="2025-12-18T10:46:30 IST" duration-ms="1135" status="PASS">
          <reporter-output>
          </reporter-output>
        </test-method> <!-- testLoginFailureWithVeryLongUsername -->
        <test-method is-config="true" signature="quit()[pri:0, instance:com.demo.tests.LoginTest@3b35a229]" started-at="2025-12-18T10:46:30 IST" name="quit" finished-at="2025-12-18T10:46:30 IST" duration-ms="182" status="PASS">
          <reporter-output>
          </reporter-output>
        </test-method> <!-- quit -->
        <test-method is-config="true" signature="setup()[pri:0, instance:com.demo.tests.LoginTest@3b35a229]" started-at="2025-12-18T10:46:30 IST" name="setup" finished-at="2025-12-18T10:46:35 IST" duration-ms="4281" status="PASS">
          <reporter-output>
          </reporter-output>
        </test-method> <!-- setup -->
        <test-method signature="testLoginFailureWithCaseSensitiveUsername()[pri:15, instance:com.demo.tests.LoginTest@3b35a229]" started-at="2025-12-18T10:46:35 IST" name="testLoginFailureWithCaseSensitiveUsername" description="Verify login fails with case-sensitive username mismatch" finished-at="2025-12-18T10:46:36 IST" duration-ms="1519" status="PASS">
          <reporter-output>
          </reporter-output>
        </test-method> <!-- testLoginFailureWithCaseSensitiveUsername -->
        <test-method is-config="true" signature="quit()[pri:0, instance:com.demo.tests.LoginTest@3b35a229]" started-at="2025-12-18T10:46:36 IST" name="quit" finished-at="2025-12-18T10:46:36 IST" duration-ms="162" status="PASS">
          <reporter-output>
          </reporter-output>
        </test-method> <!-- quit -->
        <test-method is-config="true" signature="setup()[pri:0, instance:com.demo.tests.LoginTest@3b35a229]" started-at="2025-12-18T10:46:36 IST" name="setup" finished-at="2025-12-18T10:46:40 IST" duration-ms="4206" status="PASS">
          <reporter-output>
          </reporter-output>
        </test-method> <!-- setup -->
        <test-method signature="testLoginFailureWithIncorrectPasswordCase()[pri:16, instance:com.demo.tests.LoginTest@3b35a229]" started-at="2025-12-18T10:46:40 IST" name="testLoginFailureWithIncorrectPasswordCase" description="Verify login fails with incorrect password case" finished-at="2025-12-18T10:46:41 IST" duration-ms="974" status="PASS">
          <reporter-output>
          </reporter-output>
        </test-method> <!-- testLoginFailureWithIncorrectPasswordCase -->
        <test-method is-config="true" signature="quit()[pri:0, instance:com.demo.tests.LoginTest@3b35a229]" started-at="2025-12-18T10:46:41 IST" name="quit" finished-at="2025-12-18T10:46:42 IST" duration-ms="192" status="PASS">
          <reporter-output>
          </reporter-output>
        </test-method> <!-- quit -->
        <test-method is-config="true" signature="setup()[pri:0, instance:com.demo.tests.LoginTest@3b35a229]" started-at="2025-12-18T10:46:42 IST" name="setup" finished-at="2025-12-18T10:46:46 IST" duration-ms="4523" status="PASS">
          <reporter-output>
          </reporter-output>
        </test-method> <!-- setup -->
        <test-method signature="testLoginFailureWithSimilarButIncorrectUsername()[pri:17, instance:com.demo.tests.LoginTest@3b35a229]" started-at="2025-12-18T10:46:46 IST" name="testLoginFailureWithSimilarButIncorrectUsername" description="Verify login fails with username that is close to valid but incorrect" finished-at="2025-12-18T10:46:47 IST" duration-ms="965" status="PASS">
          <reporter-output>
          </reporter-output>
        </test-method> <!-- testLoginFailureWithSimilarButIncorrectUsername -->
        <test-method is-config="true" signature="quit()[pri:0, instance:com.demo.tests.LoginTest@3b35a229]" started-at="2025-12-18T10:46:47 IST" name="quit" finished-at="2025-12-18T10:46:47 IST" duration-ms="239" status="PASS">
          <reporter-output>
          </reporter-output>
        </test-method> <!-- quit -->
      </class> <!-- com.demo.tests.LoginTest -->
    </test> <!-- Login Tests -->
  </suite> <!-- Login Automation Suite -->
</testng-results>
