<?xml version="1.0" encoding="UTF-8"?>
<!-- Generated by org.testng.reporters.JUnitReportReporter -->
<testsuite hostname="DivyeshRana" failures="0" tests="17" name="com.demo.tests.LoginTest" time="99.827" errors="0" timestamp="2025-12-18T10:46:48 IST" skipped="0">
  <testcase classname="com.demo.tests.LoginTest" name="testSuccessfulLoginWithValidCredentials" time="5.778"/>
  <testcase classname="com.demo.tests.LoginTest" name="testSuccessfulLoginWithHardcodedCredentials" time="5.388"/>
  <testcase classname="com.demo.tests.LoginTest" name="testLoginFailureWithInvalidUsername" time="5.442"/>
  <testcase classname="com.demo.tests.LoginTest" name="testLoginFailureWithInvalidPassword" time="5.390"/>
  <testcase classname="com.demo.tests.LoginTest" name="testLoginFailureWithBothInvalidCredentials" time="5.523"/>
  <testcase classname="com.demo.tests.LoginTest" name="testLoginFailureWithEmptyUsername" time="5.737"/>
  <testcase classname="com.demo.tests.LoginTest" name="testLoginFailureWithEmptyPassword" time="5.571"/>
  <testcase classname="com.demo.tests.LoginTest" name="testLoginFailureWithBothFieldsEmpty" time="5.836"/>
  <testcase classname="com.demo.tests.LoginTest" name="testLoginFailureWithUsernameContainingOnlySpaces" time="7.805"/>
  <testcase classname="com.demo.tests.LoginTest" name="testLoginFailureWithPasswordContainingOnlySpaces" time="5.627"/>
  <testcase classname="com.demo.tests.LoginTest" name="testLoginFailureWithSQLInjectionInUsername" time="7.713"/>
  <testcase classname="com.demo.tests.LoginTest" name="testLoginFailureWithXSSAttemptInUsername" time="5.425"/>
  <testcase classname="com.demo.tests.LoginTest" name="testLoginFailureWithSpecialCharactersInUsername" time="5.592"/>
  <testcase classname="com.demo.tests.LoginTest" name="testLoginFailureWithVeryLongUsername" time="5.813"/>
  <testcase classname="com.demo.tests.LoginTest" name="testLoginFailureWithCaseSensitiveUsername" time="6.230"/>
  <testcase classname="com.demo.tests.LoginTest" name="testLoginFailureWithIncorrectPasswordCase" time="5.507"/>
  <testcase classname="com.demo.tests.LoginTest" name="testLoginFailureWithSimilarButIncorrectUsername" time="5.450"/>
</testsuite> <!-- com.demo.tests.LoginTest -->
