<?xml version="1.0" encoding="UTF-8"?>
<!-- Generated by org.testng.reporters.JUnitXMLReporter -->
<testsuite ignored="0" hostname="DivyeshRana" failures="0" tests="17" name="Login Tests" time="99.955" errors="0" timestamp="2025-12-18T10:46:48 IST">
  <testcase classname="com.demo.tests.LoginTest" name="testSuccessfulLoginWithValidCredentials" time="1.214"/>
  <testcase classname="com.demo.tests.LoginTest" name="testSuccessfulLoginWithHardcodedCredentials" time="1.004"/>
  <testcase classname="com.demo.tests.LoginTest" name="testLoginFailureWithInvalidUsername" time="0.999"/>
  <testcase classname="com.demo.tests.LoginTest" name="testLoginFailureWithInvalidPassword" time="0.975"/>
  <testcase classname="com.demo.tests.LoginTest" name="testLoginFailureWithBothInvalidCredentials" time="0.992"/>
  <testcase classname="com.demo.tests.LoginTest" name="testLoginFailureWithEmptyUsername" time="1.001"/>
  <testcase classname="com.demo.tests.LoginTest" name="testLoginFailureWithEmptyPassword" time="1.007"/>
  <testcase classname="com.demo.tests.LoginTest" name="testLoginFailureWithBothFieldsEmpty" time="0.877"/>
  <testcase classname="com.demo.tests.LoginTest" name="testLoginFailureWithUsernameContainingOnlySpaces" time="0.981"/>
  <testcase classname="com.demo.tests.LoginTest" name="testLoginFailureWithPasswordContainingOnlySpaces" time="0.963"/>
  <testcase classname="com.demo.tests.LoginTest" name="testLoginFailureWithSQLInjectionInUsername" time="1.474"/>
  <testcase classname="com.demo.tests.LoginTest" name="testLoginFailureWithXSSAttemptInUsername" time="1.0"/>
  <testcase classname="com.demo.tests.LoginTest" name="testLoginFailureWithSpecialCharactersInUsername" time="1.03"/>
  <testcase classname="com.demo.tests.LoginTest" name="testLoginFailureWithVeryLongUsername" time="1.135"/>
  <testcase classname="com.demo.tests.LoginTest" name="testLoginFailureWithCaseSensitiveUsername" time="1.519"/>
  <testcase classname="com.demo.tests.LoginTest" name="testLoginFailureWithIncorrectPasswordCase" time="0.974"/>
  <testcase classname="com.demo.tests.LoginTest" name="testLoginFailureWithSimilarButIncorrectUsername" time="0.965"/>
</testsuite> <!-- Login Tests -->
